-------------------------------------------------------------------------------
Test set: com.czetsuyatech.SpringKeycloakMultiTenantApplicationTests
-------------------------------------------------------------------------------
Tests run: 1, Failures: 0, Errors: 1, Skipped: 0, Time elapsed: 1.648 s <<< FAILURE! - in com.czetsuyatech.SpringKeycloakMultiTenantApplicationTests
com.czetsuyatech.SpringKeycloakMultiTenantApplicationTests  Time elapsed: 1.645 s  <<< ERROR!
java.lang.IllegalStateException: Unable to find a @SpringBootConfiguration, you need to use @ContextConfiguration or @SpringBootTest(classes=...) with your test

