<?xml version="1.0" encoding="UTF-8"?>
<testsuite xmlns:xsi="http://www.w3.org/2001/XMLSchema-instance" xsi:noNamespaceSchemaLocation="https://maven.apache.org/surefire/maven-surefire-plugin/xsd/surefire-test-report.xsd" name="com.czetsuyatech.SpringKeycloakMultiTenantApplicationTests" time="1.648" tests="1" errors="1" skipped="0" failures="0">
  <properties>
[...]
</properties>
  <testcase name="com.czetsuyatech.SpringKeycloakMultiTenantApplicationTests" classname="com.czetsuyatech.SpringKeycloakMultiTenantApplicationTests" time="1.645">
    <error message="Unable to find a @SpringBootConfiguration, you need to use @ContextConfiguration or @SpringBootTest(classes=...) with your test" type="java.lang.IllegalStateException">java.lang.IllegalStateException: Unable to find a @SpringBootConfiguration, you need to use @ContextConfiguration or @SpringBootTest(classes=...) with your test
</error>
    <system-out><![CDATA[13:17:40.445 [main] DEBUG org.springframework.test.context.BootstrapUtils - Instantiating CacheAwareContextLoaderDelegate from class [org.springframework.test.context.cache.DefaultCacheAwareContextLoaderDelegate]
13:17:40.546 [main] DEBUG org.springframework.test.context.BootstrapUtils - Instantiating BootstrapContext using constructor [public org.springframework.test.context.support.DefaultBootstrapContext(java.lang.Class,org.springframework.test.context.CacheAwareContextLoaderDelegate)]
13:17:40.778 [main] DEBUG org.springframework.test.context.BootstrapUtils - Instantiating TestContextBootstrapper for test class [com.czetsuyatech.SpringKeycloakMultiTenantApplicationTests] from class [org.springframework.boot.test.context.SpringBootTestContextBootstrapper]
13:17:40.851 [main] INFO org.springframework.boot.test.context.SpringBootTestContextBootstrapper - Neither @ContextConfiguration nor @ContextHierarchy found for test class [com.czetsuyatech.SpringKeycloakMultiTenantApplicationTests], using SpringBootContextLoader
13:17:40.874 [main] DEBUG org.springframework.test.context.support.AbstractContextLoader - Did not detect default resource location for test class [com.czetsuyatech.SpringKeycloakMultiTenantApplicationTests]: class path resource [com/czetsuyatech/SpringKeycloakMultiTenantApplicationTests-context.xml] does not exist
13:17:40.875 [main] DEBUG org.springframework.test.context.support.AbstractContextLoader - Did not detect default resource location for test class [com.czetsuyatech.SpringKeycloakMultiTenantApplicationTests]: class path resource [com/czetsuyatech/SpringKeycloakMultiTenantApplicationTestsContext.groovy] does not exist
13:17:40.876 [main] INFO org.springframework.test.context.support.AbstractContextLoader - Could not detect default resource locations for test class [com.czetsuyatech.SpringKeycloakMultiTenantApplicationTests]: no resource found for suffixes {-context.xml, Context.groovy}.
13:17:40.879 [main] INFO org.springframework.test.context.support.AnnotationConfigContextLoaderUtils - Could not detect default configuration classes for test class [com.czetsuyatech.SpringKeycloakMultiTenantApplicationTests]: SpringKeycloakMultiTenantApplicationTests does not declare any static, non-private, non-final, nested classes annotated with @Configuration.
13:17:41.082 [main] DEBUG org.springframework.test.context.support.ActiveProfilesUtils - Could not find an 'annotation declaring class' for annotation type [org.springframework.test.context.ActiveProfiles] and class [com.czetsuyatech.SpringKeycloakMultiTenantApplicationTests]
13:17:41.246 [main] DEBUG org.springframework.test.context.BootstrapUtils - Instantiating CacheAwareContextLoaderDelegate from class [org.springframework.test.context.cache.DefaultCacheAwareContextLoaderDelegate]
13:17:41.249 [main] DEBUG org.springframework.test.context.BootstrapUtils - Instantiating BootstrapContext using constructor [public org.springframework.test.context.support.DefaultBootstrapContext(java.lang.Class,org.springframework.test.context.CacheAwareContextLoaderDelegate)]
13:17:41.300 [main] DEBUG org.springframework.test.context.BootstrapUtils - Instantiating TestContextBootstrapper for test class [com.czetsuyatech.SpringKeycloakMultiTenantApplicationTests] from class [org.springframework.boot.test.context.SpringBootTestContextBootstrapper]
13:17:41.303 [main] INFO org.springframework.boot.test.context.SpringBootTestContextBootstrapper - Neither @ContextConfiguration nor @ContextHierarchy found for test class [com.czetsuyatech.SpringKeycloakMultiTenantApplicationTests], using SpringBootContextLoader
13:17:41.311 [main] DEBUG org.springframework.test.context.support.AbstractContextLoader - Did not detect default resource location for test class [com.czetsuyatech.SpringKeycloakMultiTenantApplicationTests]: class path resource [com/czetsuyatech/SpringKeycloakMultiTenantApplicationTests-context.xml] does not exist
13:17:41.312 [main] DEBUG org.springframework.test.context.support.AbstractContextLoader - Did not detect default resource location for test class [com.czetsuyatech.SpringKeycloakMultiTenantApplicationTests]: class path resource [com/czetsuyatech/SpringKeycloakMultiTenantApplicationTestsContext.groovy] does not exist
13:17:41.317 [main] INFO org.springframework.test.context.support.AbstractContextLoader - Could not detect default resource locations for test class [com.czetsuyatech.SpringKeycloakMultiTenantApplicationTests]: no resource found for suffixes {-context.xml, Context.groovy}.
13:17:41.319 [main] INFO org.springframework.test.context.support.AnnotationConfigContextLoaderUtils - Could not detect default configuration classes for test class [com.czetsuyatech.SpringKeycloakMultiTenantApplicationTests]: SpringKeycloakMultiTenantApplicationTests does not declare any static, non-private, non-final, nested classes annotated with @Configuration.
13:17:41.331 [main] DEBUG org.springframework.test.context.support.ActiveProfilesUtils - Could not find an 'annotation declaring class' for annotation type [org.springframework.test.context.ActiveProfiles] and class [com.czetsuyatech.SpringKeycloakMultiTenantApplicationTests]
13:17:41.503 [main] DEBUG org.springframework.test.context.BootstrapUtils - Instantiating CacheAwareContextLoaderDelegate from class [org.springframework.test.context.cache.DefaultCacheAwareContextLoaderDelegate]
13:17:41.506 [main] DEBUG org.springframework.test.context.BootstrapUtils - Instantiating BootstrapContext using constructor [public org.springframework.test.context.support.DefaultBootstrapContext(java.lang.Class,org.springframework.test.context.CacheAwareContextLoaderDelegate)]
13:17:41.509 [main] DEBUG org.springframework.test.context.BootstrapUtils - Instantiating TestContextBootstrapper for test class [com.czetsuyatech.SpringKeycloakMultiTenantApplicationTests] from class [org.springframework.boot.test.context.SpringBootTestContextBootstrapper]
13:17:41.513 [main] INFO org.springframework.boot.test.context.SpringBootTestContextBootstrapper - Neither @ContextConfiguration nor @ContextHierarchy found for test class [com.czetsuyatech.SpringKeycloakMultiTenantApplicationTests], using SpringBootContextLoader
13:17:41.515 [main] DEBUG org.springframework.test.context.support.AbstractContextLoader - Did not detect default resource location for test class [com.czetsuyatech.SpringKeycloakMultiTenantApplicationTests]: class path resource [com/czetsuyatech/SpringKeycloakMultiTenantApplicationTests-context.xml] does not exist
13:17:41.518 [main] DEBUG org.springframework.test.context.support.AbstractContextLoader - Did not detect default resource location for test class [com.czetsuyatech.SpringKeycloakMultiTenantApplicationTests]: class path resource [com/czetsuyatech/SpringKeycloakMultiTenantApplicationTestsContext.groovy] does not exist
13:17:41.520 [main] INFO org.springframework.test.context.support.AbstractContextLoader - Could not detect default resource locations for test class [com.czetsuyatech.SpringKeycloakMultiTenantApplicationTests]: no resource found for suffixes {-context.xml, Context.groovy}.
13:17:41.520 [main] INFO org.springframework.test.context.support.AnnotationConfigContextLoaderUtils - Could not detect default configuration classes for test class [com.czetsuyatech.SpringKeycloakMultiTenantApplicationTests]: SpringKeycloakMultiTenantApplicationTests does not declare any static, non-private, non-final, nested classes annotated with @Configuration.
13:17:41.529 [main] DEBUG org.springframework.test.context.support.ActiveProfilesUtils - Could not find an 'annotation declaring class' for annotation type [org.springframework.test.context.ActiveProfiles] and class [com.czetsuyatech.SpringKeycloakMultiTenantApplicationTests]
]]></system-out>
  </testcase>
</testsuite>